Othello:pdf22md adam$ ./build.sh
./build.sh: line 17: declare: -A: invalid option
declare: usage: declare [-afFirtx] [-p] [name[=value] ...]
[BUILD] pdf22md - Multi-Implementation Build System
[INFO] Building Objective-C Swift implementations
[BUILD] Building pdf22md-objc...
[INFO] Starting pdf22md-objc build process...
[INFO] Building pdf22md (Objective-C implementation)...
rm -rf build pdf22md
mkdir -p build
clang -Wall -Wextra -O2 -fobjc-arc -DVERSION=\"v1.2.0-1-gba7a7a8-dirty\" -Isrc -c src/CLI/main.m -o build/CLI/main.o
clang -Wall -Wextra -O2 -fobjc-arc -DVERSION=\"v1.2.0-1-gba7a7a8-dirty\" -Isrc -c src/Core/PDF22MDConversionOptions.m -o build/Core/PDF22MDConversionOptions.o
clang -Wall -Wextra -O2 -fobjc-arc -DVERSION=\"v1.2.0-1-gba7a7a8-dirty\" -Isrc -c src/Core/PDF22MDConverter.m -o build/Core/PDF22MDConverter.o
clang -Wall -Wextra -O2 -fobjc-arc -DVERSION=\"v1.2.0-1-gba7a7a8-dirty\" -Isrc -c src/Core/PDF22MDError.m -o build/Core/PDF22MDError.o
clang -Wall -Wextra -O2 -fobjc-arc -DVERSION=\"v1.2.0-1-gba7a7a8-dirty\" -Isrc -c src/Core/PDF22MDFontAnalyzer.m -o build/Core/PDF22MDFontAnalyzer.o
clang -Wall -Wextra -O2 -fobjc-arc -DVERSION=\"v1.2.0-1-gba7a7a8-dirty\" -Isrc -c src/Core/PDF22MDPageProcessor.m -o build/Core/PDF22MDPageProcessor.o
clang -Wall -Wextra -O2 -fobjc-arc -DVERSION=\"v1.2.0-1-gba7a7a8-dirty\" -Isrc -c src/Models/PDF22MDImageElement.m -o build/Models/PDF22MDImageElement.o
clang -Wall -Wextra -O2 -fobjc-arc -DVERSION=\"v1.2.0-1-gba7a7a8-dirty\" -Isrc -c src/Models/PDF22MDTextElement.m -o build/Models/PDF22MDTextElement.o
clang -Wall -Wextra -O2 -fobjc-arc -DVERSION=\"v1.2.0-1-gba7a7a8-dirty\" -Isrc -c src/Services/PDF22MDAssetManager.m -o build/Services/PDF22MDAssetManager.o
clang -Wall -Wextra -O2 -fobjc-arc -DVERSION=\"v1.2.0-1-gba7a7a8-dirty\" -Isrc -c src/Services/PDF22MDMarkdownGenerator.m -o build/Services/PDF22MDMarkdownGenerator.o
clang -Wall -Wextra -O2 -fobjc-arc -framework Foundation -framework PDFKit -framework CoreGraphics -framework ImageIO -framework CoreServices -o pdf22md build/CLI/main.o build/Core/PDF22MDConversionOptions.o build/Core/PDF22MDConverter.o build/Core/PDF22MDError.o build/Core/PDF22MDFontAnalyzer.o build/Core/PDF22MDPageProcessor.o build/Models/PDF22MDImageElement.o build/Models/PDF22MDTextElement.o build/Services/PDF22MDAssetManager.o build/Services/PDF22MDMarkdownGenerator.o
[INFO] ✓ pdf22md-objc built successfully
[INFO] Build complete!
[INFO] Run './pdf22md --help' for usage information
[INFO] ✓ pdf22md-objc built successfully
[BUILD] Building pdf22md-swift...
[INFO] Starting pdf22md-swift build process...
[INFO] Building pdf22md (Swift implementation)...
dyld[5982]: Library not loaded: @rpath/SWBBuildService.framework/Versions/A/SWBBuildService
  Referenced from: <DAAB41B3-19E5-3A14-8AFB-1A3635185E81> /Library/Developer/CommandLineTools/usr/bin/swift-package
  Reason: tried: '/Library/../SharedFrameworks/SWBBuildService.framework/Versions/A/SWBBuildService' (no such file), '/Library/../SharedFrameworks/SwiftBuild.framework/Versions/A/PlugIns/SWBBuildService.bundle/Contents/Frameworks/SWBBuildService.framework/Versions/A/SWBBuildService' (no such file), '/Library/../SharedFrameworks/SwiftBuild.framework/Versions/A/PlugIns/SWBBuildSystem.bundle/Contents/Frameworks/SWBBuildService.framework/Versions/A/SWBBuildService' (no such file), '/Library/../Developer/Toolchains/XcodeDefault.xctoolchain/usr/lib/SWBBuildService.framework/Versions/A/SWBBuildService' (no such file), '/Library/../Developer/Toolchains/XcodeDefault.xctoolchain/usr/local/include/SwiftToolsSupport/SWBBuildService.framework/Versions/A/SWBBuildService' (no such file), '/Library/Developer/CommandLineTools/usr/lib/swift/pm/llbuild/SWBBuildService.framework/Versions/A/SWBBuildService' (no such file), '/Library/Developer/CommandLineTools/usr/lib/SWBBuildService.framework/Versions/A/SWBBuildService' (no such file), '/Library/Developer/CommandLineTools/usr/SWBBuildService.framework/Versions/A/SWBBuildService' (no such file), '/Library/../SharedFrameworks/SWBBuildService.framework/Versions/A/SWBBuildService' (no such file), '/Library/../SharedFrameworks/SwiftBuild.framework/Versions/A/PlugIns/SWBBuildService.bundle/Contents/Frameworks/SWBBuildService.framework/Versions/A/SWBBuildService' (no such file), '/Library/../SharedFrameworks/SwiftBuild.framework/Versions/A/PlugIns/SWBBuildSystem.bundle/Contents/Frameworks/SWBBuildService.framework/Versions/A/SWBBuildService' (no such file), '/Library/../Developer/Toolchains/XcodeDefault.xctoolchain/usr/lib/SWBBuildService.framework/Versions/A/SWBBuildService' (no such file), '/Library/../Developer/Toolchains/XcodeDefault.xctoolchain/usr/local/include/SwiftToolsSupport/SWBBuildService.framework/Versions/A/SWBBuildService' (no such file), '/Library/Developer/CommandLineTools/usr/lib/swift/pm/llbuild/SWBBuildService.framework/Versions/A/SWBBuildService' (no such file), '/Library/Developer/CommandLineTools/usr/lib/SWBBuildService.framework/Versions/A/SWBBuildService' (no such file), '/Library/Developer/CommandLineTools/usr/SWBBuildService.framework/Versions/A/SWBBuildService' (no such file)
./build.sh: line 31:  5982 Abort trap: 6           swift build -c release
[ERROR] Failed to build pdf22md-swift
[ERROR] ✗ pdf22md-swift build failed
[BUILD] Build Summary
[ERROR] ✗ pdf22md-0: FAILED

[ERROR] Some builds failed (0/1 successful)
Othello:pdf22md adam$ 